2026-02-28 17:57:01 Loaded main app package /usr/lib/obsidian/obsidian.asar
2026-02-28 17:57:01 Checking for update using Github
2026-02-28 17:57:01 Success.
2026-02-28 17:57:01 Latest version is 1.12.4
2026-02-28 17:57:01 Downloading update from https://github.com/obsidianmd/obsidian-releases/releases/download/v1.12.4/obsidian-1.12.4.asar.gz
2026-02-28 17:57:04 Verifying hash & signature. Size= 8322418
2026-02-28 17:57:04 Saving file
2026-02-28 17:57:05 Update complete.
2026-03-06 18:07:01 Loaded main app package /usr/lib/obsidian/obsidian.asar
2026-03-06 18:07:01 Checking for update using Github
2026-03-06 18:07:01 Success.
2026-03-06 18:07:01 Latest version is 1.12.4
2026-03-06 18:07:01 App is up to date.
2026-03-06 18:09:59 Loaded main app package /usr/lib/obsidian/obsidian.asar
2026-03-06 18:09:59 Checking for update using Github
2026-03-06 18:09:59 Success.
2026-03-06 18:09:59 Latest version is 1.12.4
2026-03-06 18:09:59 App is up to date.
2026-03-06 18:10:11 Checking for update using Github
2026-03-06 18:10:11 Success.
2026-03-06 18:10:11 Latest version is 1.12.4
2026-03-06 18:10:11 App is up to date.
2026-03-06 19:09:59 Checking for update using Github
2026-03-06 19:09:59 Success.
2026-03-06 19:09:59 Latest version is 1.12.4
2026-03-06 19:09:59 App is up to date.
2026-03-06 20:09:59 Checking for update using Github
2026-03-06 20:09:59 Success.
2026-03-06 20:09:59 Latest version is 1.12.4
2026-03-06 20:09:59 App is up to date.
2026-03-06 21:09:59 Checking for update using Github
2026-03-06 21:09:59 Success.
2026-03-06 21:09:59 Latest version is 1.12.4
2026-03-06 21:09:59 App is up to date.
2026-03-06 22:09:59 Checking for update using Github
2026-03-06 22:09:59 Success.
2026-03-06 22:09:59 Latest version is 1.12.4
2026-03-06 22:09:59 App is up to date.
2026-03-07 11:16:39 Loaded main app package /usr/lib/obsidian/obsidian.asar
2026-03-07 11:16:39 Checking for update using Github
2026-03-07 11:16:39 Success.
2026-03-07 11:16:39 Latest version is 1.12.4
2026-03-07 11:16:39 App is up to date.
2026-03-07 12:16:38 Checking for update using Github
2026-03-07 12:16:39 Success.
2026-03-07 12:16:39 Latest version is 1.12.4
2026-03-07 12:16:39 App is up to date.
2026-03-07 13:16:38 Checking for update using Github
2026-03-07 13:16:39 Success.
2026-03-07 13:16:39 Latest version is 1.12.4
2026-03-07 13:16:39 App is up to date.
2026-03-07 14:16:38 Checking for update using Github
2026-03-07 14:16:39 Success.
2026-03-07 14:16:39 Latest version is 1.12.4
2026-03-07 14:16:39 App is up to date.
2026-03-07 15:16:38 Checking for update using Github
2026-03-07 15:16:39 Success.
2026-03-07 15:16:39 Latest version is 1.12.4
2026-03-07 15:16:39 App is up to date.
2026-03-07 16:16:38 Checking for update using Github
2026-03-07 16:16:39 Success.
2026-03-07 16:16:39 Latest version is 1.12.4
2026-03-07 16:16:39 App is up to date.
2026-03-07 17:16:38 Checking for update using Github
2026-03-07 17:16:39 Success.
2026-03-07 17:16:39 Latest version is 1.12.4
2026-03-07 17:16:39 App is up to date.
2026-03-07 18:16:38 Checking for update using Github
2026-03-07 18:16:39 Success.
2026-03-07 18:16:39 Latest version is 1.12.4
2026-03-07 18:16:39 App is up to date.
2026-03-07 19:16:38 Checking for update using Github
2026-03-07 19:16:39 Success.
2026-03-07 19:16:39 Latest version is 1.12.4
2026-03-07 19:16:39 App is up to date.
2026-03-07 20:16:38 Checking for update using Github
2026-03-07 20:16:39 Success.
2026-03-07 20:16:39 Latest version is 1.12.4
2026-03-07 20:16:39 App is up to date.
2026-03-07 21:16:38 Checking for update using Github
2026-03-07 21:16:39 Success.
2026-03-07 21:16:39 Latest version is 1.12.4
2026-03-07 21:16:39 App is up to date.
2026-03-07 22:16:38 Checking for update using Github
2026-03-07 22:16:39 Success.
2026-03-07 22:16:39 Latest version is 1.12.4
2026-03-07 22:16:39 App is up to date.
2026-03-07 23:16:38 Checking for update using Github
2026-03-07 23:16:39 Success.
2026-03-07 23:16:39 Latest version is 1.12.4
2026-03-07 23:16:39 App is up to date.
2026-03-08 00:16:38 Checking for update using Github
2026-03-08 00:16:39 Success.
2026-03-08 00:16:39 Latest version is 1.12.4
2026-03-08 00:16:39 App is up to date.
2026-03-08 01:16:38 Checking for update using Github
2026-03-08 01:16:39 Success.
2026-03-08 01:16:39 Latest version is 1.12.4
2026-03-08 01:16:39 App is up to date.
2026-03-08 02:16:38 Checking for update using Github
2026-03-08 02:16:39 Success.
2026-03-08 02:16:39 Latest version is 1.12.4
2026-03-08 02:16:39 App is up to date.
2026-03-08 03:16:38 Checking for update using Github
2026-03-08 03:16:39 Success.
2026-03-08 03:16:39 Latest version is 1.12.4
2026-03-08 03:16:39 App is up to date.
2026-03-08 04:16:38 Checking for update using Github
2026-03-08 04:16:39 Success.
2026-03-08 04:16:39 Latest version is 1.12.4
2026-03-08 04:16:39 App is up to date.
2026-03-08 05:16:38 Checking for update using Github
2026-03-08 05:16:39 Success.
2026-03-08 05:16:39 Latest version is 1.12.4
2026-03-08 05:16:39 App is up to date.
2026-03-08 06:16:38 Checking for update using Github
2026-03-08 06:16:39 Success.
2026-03-08 06:16:39 Latest version is 1.12.4
2026-03-08 06:16:39 App is up to date.
2026-03-08 07:16:38 Checking for update using Github
2026-03-08 07:16:39 Success.
2026-03-08 07:16:39 Latest version is 1.12.4
2026-03-08 07:16:39 App is up to date.
2026-03-08 08:16:38 Checking for update using Github
2026-03-08 08:16:39 Success.
2026-03-08 08:16:39 Latest version is 1.12.4
2026-03-08 08:16:39 App is up to date.
2026-03-08 09:16:38 Checking for update using Github
2026-03-08 09:16:39 Success.
2026-03-08 09:16:39 Latest version is 1.12.4
2026-03-08 09:16:39 App is up to date.
2026-03-08 10:16:38 Checking for update using Github
2026-03-08 10:16:39 Success.
2026-03-08 10:16:39 Latest version is 1.12.4
2026-03-08 10:16:39 App is up to date.
2026-03-08 11:16:38 Checking for update using Github
2026-03-08 11:16:39 Success.
2026-03-08 11:16:39 Latest version is 1.12.4
2026-03-08 11:16:39 App is up to date.
2026-03-08 12:16:38 Checking for update using Github
2026-03-08 12:16:39 Success.
2026-03-08 12:16:39 Latest version is 1.12.4
2026-03-08 12:16:39 App is up to date.
2026-03-08 13:16:38 Checking for update using Github
2026-03-08 13:16:39 Success.
2026-03-08 13:16:39 Latest version is 1.12.4
2026-03-08 13:16:39 App is up to date.
2026-03-08 14:16:38 Checking for update using Github
2026-03-08 14:16:39 Success.
2026-03-08 14:16:39 Latest version is 1.12.4
2026-03-08 14:16:39 App is up to date.
2026-03-08 15:16:38 Checking for update using Github
2026-03-08 15:16:39 Success.
2026-03-08 15:16:39 Latest version is 1.12.4
2026-03-08 15:16:39 App is up to date.
2026-03-08 16:16:38 Checking for update using Github
2026-03-08 16:16:39 Success.
2026-03-08 16:16:39 Latest version is 1.12.4
2026-03-08 16:16:39 App is up to date.
2026-03-08 17:16:38 Checking for update using Github
2026-03-08 17:16:39 Success.
2026-03-08 17:16:39 Latest version is 1.12.4
2026-03-08 17:16:39 App is up to date.
2026-03-08 18:16:38 Checking for update using Github
2026-03-08 18:16:39 Success.
2026-03-08 18:16:39 Latest version is 1.12.4
2026-03-08 18:16:39 App is up to date.
2026-03-08 19:16:38 Checking for update using Github
2026-03-08 19:16:39 Success.
2026-03-08 19:16:39 Latest version is 1.12.4
2026-03-08 19:16:39 App is up to date.
2026-03-08 20:16:38 Checking for update using Github
2026-03-08 20:16:39 Success.
2026-03-08 20:16:39 Latest version is 1.12.4
2026-03-08 20:16:39 App is up to date.
2026-03-08 21:16:38 Checking for update using Github
2026-03-08 21:16:39 Success.
2026-03-08 21:16:39 Latest version is 1.12.4
2026-03-08 21:16:39 App is up to date.
2026-03-08 22:16:38 Checking for update using Github
2026-03-08 22:16:39 Success.
2026-03-08 22:16:39 Latest version is 1.12.4
2026-03-08 22:16:39 App is up to date.
2026-03-08 23:16:38 Checking for update using Github
2026-03-08 23:16:39 Success.
2026-03-08 23:16:39 Latest version is 1.12.4
2026-03-08 23:16:39 App is up to date.
2026-03-09 00:16:38 Checking for update using Github
2026-03-09 00:16:39 Success.
2026-03-09 00:16:39 Latest version is 1.12.4
2026-03-09 00:16:39 App is up to date.
2026-03-09 01:16:38 Checking for update using Github
2026-03-09 01:16:39 Success.
2026-03-09 01:16:39 Latest version is 1.12.4
2026-03-09 01:16:39 App is up to date.
2026-03-09 02:16:38 Checking for update using Github
2026-03-09 02:16:39 Success.
2026-03-09 02:16:39 Latest version is 1.12.4
2026-03-09 02:16:39 App is up to date.
2026-03-09 03:16:38 Checking for update using Github
2026-03-09 03:16:39 Success.
2026-03-09 03:16:39 Latest version is 1.12.4
2026-03-09 03:16:39 App is up to date.
2026-03-09 04:16:38 Checking for update using Github
2026-03-09 04:16:39 Success.
2026-03-09 04:16:39 Latest version is 1.12.4
2026-03-09 04:16:39 App is up to date.
2026-03-09 05:16:38 Checking for update using Github
2026-03-09 05:16:39 Success.
2026-03-09 05:16:39 Latest version is 1.12.4
2026-03-09 05:16:39 App is up to date.
2026-03-09 06:16:38 Checking for update using Github
2026-03-09 06:16:39 Success.
2026-03-09 06:16:39 Latest version is 1.12.4
2026-03-09 06:16:39 App is up to date.
2026-03-09 07:16:38 Checking for update using Github
2026-03-09 07:16:39 Success.
2026-03-09 07:16:39 Latest version is 1.12.4
2026-03-09 07:16:39 App is up to date.
2026-03-09 08:16:38 Checking for update using Github
2026-03-09 08:16:39 Success.
2026-03-09 08:16:39 Latest version is 1.12.4
2026-03-09 08:16:39 App is up to date.
2026-03-09 09:16:38 Checking for update using Github
2026-03-09 09:16:39 Success.
2026-03-09 09:16:39 Latest version is 1.12.4
2026-03-09 09:16:39 App is up to date.
2026-03-09 10:16:38 Checking for update using Github
2026-03-09 10:16:39 Success.
2026-03-09 10:16:39 Latest version is 1.12.4
2026-03-09 10:16:39 App is up to date.
2026-03-09 11:16:38 Checking for update using Github
2026-03-09 11:16:39 Success.
2026-03-09 11:16:39 Latest version is 1.12.4
2026-03-09 11:16:39 App is up to date.
2026-03-09 12:16:38 Checking for update using Github
2026-03-09 12:16:39 Success.
2026-03-09 12:16:39 Latest version is 1.12.4
2026-03-09 12:16:39 App is up to date.
2026-03-09 13:16:38 Checking for update using Github
2026-03-09 13:16:39 Success.
2026-03-09 13:16:39 Latest version is 1.12.4
2026-03-09 13:16:39 App is up to date.
2026-03-09 14:16:38 Checking for update using Github
2026-03-09 14:16:39 Success.
2026-03-09 14:16:39 Latest version is 1.12.4
2026-03-09 14:16:39 App is up to date.
2026-03-09 15:16:38 Checking for update using Github
2026-03-09 15:16:39 Success.
2026-03-09 15:16:39 Latest version is 1.12.4
2026-03-09 15:16:39 App is up to date.
2026-03-09 16:16:38 Checking for update using Github
2026-03-09 16:16:39 Success.
2026-03-09 16:16:39 Latest version is 1.12.4
2026-03-09 16:16:39 App is up to date.
2026-03-09 17:16:38 Checking for update using Github
2026-03-09 17:16:39 Success.
2026-03-09 17:16:39 Latest version is 1.12.4
2026-03-09 17:16:39 App is up to date.
2026-03-09 18:16:38 Checking for update using Github
2026-03-09 18:16:39 Success.
2026-03-09 18:16:39 Latest version is 1.12.4
2026-03-09 18:16:39 App is up to date.
2026-04-14 02:59:38 Loaded main app package /usr/lib/obsidian/obsidian.asar
2026-04-14 02:59:38 Checking for update using Github
2026-04-14 02:59:39 Success.
2026-04-14 02:59:39 Latest version is 1.12.7
2026-04-14 02:59:39 App is up to date.
2026-04-14 03:01:32 Checking for update using Github
2026-04-14 03:01:32 Success.
2026-04-14 03:01:32 Latest version is 1.12.7
2026-04-14 03:01:32 App is up to date.
2026-04-14 03:01:36 Checking for update using Github
2026-04-14 03:01:36 Success.
2026-04-14 03:01:36 Latest version is 1.12.7
2026-04-14 03:01:36 App is up to date.
2026-04-14 03:59:38 Checking for update using Github
2026-04-14 03:59:38 Success.
2026-04-14 03:59:38 Latest version is 1.12.7
2026-04-14 03:59:38 App is up to date.
2026-04-14 04:04:03 Loaded main app package /usr/lib/obsidian/obsidian.asar
2026-04-14 04:04:04 Checking for update using Github
2026-04-14 04:04:04 Success.
2026-04-14 04:04:04 Latest version is 1.12.7
2026-04-14 04:04:04 App is up to date.
2026-04-14 05:04:03 Checking for update using Github
2026-04-14 05:04:03 Success.
2026-04-14 05:04:03 Latest version is 1.12.7
2026-04-14 05:04:03 App is up to date.
2026-04-14 06:04:03 Checking for update using Github
2026-04-14 06:04:03 Success.
2026-04-14 06:04:03 Latest version is 1.12.7
2026-04-14 06:04:03 App is up to date.
2026-04-14 07:04:03 Checking for update using Github
2026-04-14 07:04:03 Success.
2026-04-14 07:04:03 Latest version is 1.12.7
2026-04-14 07:04:03 App is up to date.
2026-04-14 08:04:03 Checking for update using Github
2026-04-14 08:04:03 Success.
2026-04-14 08:04:03 Latest version is 1.12.7
2026-04-14 08:04:03 App is up to date.
2026-04-14 11:27:25 Loaded main app package /usr/lib/obsidian/obsidian.asar
2026-04-14 11:27:25 Checking for update using Github
2026-04-14 11:27:25 Success.
2026-04-14 11:27:25 Latest version is 1.12.7
2026-04-14 11:27:25 App is up to date.
2026-04-14 12:27:25 Checking for update using Github
2026-04-14 12:27:25 Success.
2026-04-14 12:27:25 Latest version is 1.12.7
2026-04-14 12:27:25 App is up to date.
2026-04-14 13:27:25 Checking for update using Github
2026-04-14 13:27:25 Success.
2026-04-14 13:27:25 Latest version is 1.12.7
2026-04-14 13:27:25 App is up to date.
2026-04-14 14:27:25 Checking for update using Github
2026-04-14 14:27:25 Success.
2026-04-14 14:27:25 Latest version is 1.12.7
2026-04-14 14:27:25 App is up to date.
2026-04-14 15:27:25 Checking for update using Github
2026-04-14 15:27:25 Success.
2026-04-14 15:27:25 Latest version is 1.12.7
2026-04-14 15:27:25 App is up to date.
2026-04-14 16:27:25 Checking for update using Github
2026-04-14 16:27:25 Success.
2026-04-14 16:27:25 Latest version is 1.12.7
2026-04-14 16:27:25 App is up to date.
2026-04-14 17:27:25 Checking for update using Github
2026-04-14 17:27:25 Success.
2026-04-14 17:27:25 Latest version is 1.12.7
2026-04-14 17:27:25 App is up to date.
2026-04-14 18:27:25 Checking for update using Github
2026-04-14 18:27:25 Success.
2026-04-14 18:27:25 Latest version is 1.12.7
2026-04-14 18:27:25 App is up to date.
2026-04-14 20:29:08 Checking for update using Github
2026-04-14 20:29:08 Success.
2026-04-14 20:29:08 Latest version is 1.12.7
2026-04-14 20:29:08 App is up to date.
2026-04-14 21:29:08 Checking for update using Github
2026-04-14 21:29:08 Success.
2026-04-14 21:29:08 Latest version is 1.12.7
2026-04-14 21:29:08 App is up to date.
2026-04-14 22:29:08 Checking for update using Github
2026-04-14 22:29:08 Success.
2026-04-14 22:29:08 Latest version is 1.12.7
2026-04-14 22:29:08 App is up to date.
2026-04-14 23:29:08 Checking for update using Github
2026-04-14 23:29:08 Success.
2026-04-14 23:29:08 Latest version is 1.12.7
2026-04-14 23:29:08 App is up to date.
2026-04-15 00:29:08 Checking for update using Github
2026-04-15 00:29:08 Success.
2026-04-15 00:29:08 Latest version is 1.12.7
2026-04-15 00:29:08 App is up to date.
2026-04-15 01:29:08 Checking for update using Github
2026-04-15 01:29:08 Success.
2026-04-15 01:29:08 Latest version is 1.12.7
2026-04-15 01:29:08 App is up to date.
2026-04-15 02:29:08 Checking for update using Github
2026-04-15 02:29:08 Success.
2026-04-15 02:29:08 Latest version is 1.12.7
2026-04-15 02:29:08 App is up to date.
2026-04-15 03:29:08 Checking for update using Github
2026-04-15 03:29:08 Success.
2026-04-15 03:29:08 Latest version is 1.12.7
2026-04-15 03:29:08 App is up to date.
2026-04-15 04:29:08 Checking for update using Github
2026-04-15 04:29:08 Success.
2026-04-15 04:29:08 Latest version is 1.12.7
2026-04-15 04:29:08 App is up to date.
2026-04-15 05:29:08 Checking for update using Github
2026-04-15 05:29:08 Success.
2026-04-15 05:29:08 Latest version is 1.12.7
2026-04-15 05:29:08 App is up to date.
2026-04-15 06:29:08 Checking for update using Github
2026-04-15 06:29:08 Success.
2026-04-15 06:29:08 Latest version is 1.12.7
2026-04-15 06:29:08 App is up to date.
2026-04-15 07:29:08 Checking for update using Github
2026-04-15 07:29:08 Success.
2026-04-15 07:29:08 Latest version is 1.12.7
2026-04-15 07:29:08 App is up to date.
2026-04-15 08:29:08 Checking for update using Github
2026-04-15 08:29:08 Success.
2026-04-15 08:29:08 Latest version is 1.12.7
2026-04-15 08:29:08 App is up to date.
2026-04-16 11:51:24 Loaded main app package /usr/lib/obsidian/obsidian.asar
2026-04-16 11:51:25 Checking for update using Github
2026-04-16 11:51:25 Success.
2026-04-16 11:51:25 Latest version is 1.12.7
2026-04-16 11:51:25 App is up to date.
2026-04-16 12:51:24 Checking for update using Github
2026-04-16 12:51:24 Success.
2026-04-16 12:51:24 Latest version is 1.12.7
2026-04-16 12:51:24 App is up to date.
2026-04-16 13:51:24 Checking for update using Github
2026-04-16 13:51:25 Success.
2026-04-16 13:51:25 Latest version is 1.12.7
2026-04-16 13:51:25 App is up to date.
2026-04-16 15:04:15 Checking for update using Github
2026-04-16 15:04:15 Success.
2026-04-16 15:04:15 Latest version is 1.12.7
2026-04-16 15:04:15 App is up to date.
2026-04-18 09:28:24 Loaded main app package /usr/lib/obsidian/obsidian.asar
2026-04-18 09:28:25 Checking for update using Github
2026-04-18 09:28:25 Success.
2026-04-18 09:28:25 Latest version is 1.12.7
2026-04-18 09:28:25 App is up to date.
2026-04-18 10:28:24 Checking for update using Github
2026-04-18 10:28:24 Success.
2026-04-18 10:28:24 Latest version is 1.12.7
2026-04-18 10:28:24 App is up to date.
2026-04-18 11:28:24 Checking for update using Github
2026-04-18 11:28:24 Success.
2026-04-18 11:28:24 Latest version is 1.12.7
2026-04-18 11:28:24 App is up to date.
2026-04-18 12:28:24 Checking for update using Github
2026-04-18 12:28:29 Success.
2026-04-18 12:28:29 Latest version is 1.12.7
2026-04-18 12:28:29 App is up to date.
2026-04-18 13:28:24 Checking for update using Github
2026-04-18 13:28:24 Success.
2026-04-18 13:28:24 Latest version is 1.12.7
2026-04-18 13:28:24 App is up to date.
2026-04-18 14:28:24 Checking for update using Github
2026-04-18 14:28:29 Success.
2026-04-18 14:28:29 Latest version is 1.12.7
2026-04-18 14:28:29 App is up to date.
2026-04-18 15:28:24 Checking for update using Github
2026-04-18 15:28:27 Success.
2026-04-18 15:28:27 Latest version is 1.12.7
2026-04-18 15:28:27 App is up to date.
2026-04-18 16:28:24 Checking for update using Github
2026-04-18 16:28:24 Failed to check for update using Github (net::ERR_INTERNET_DISCONNECTED)
2026-04-18 16:28:24 Checking for update using obsidian.md
2026-04-18 16:28:24 Failed to check for update using obsidian.md (net::ERR_INTERNET_DISCONNECTED)
2026-04-18 17:28:24 Checking for update using Github
2026-04-18 17:28:24 Failed to check for update using Github (net::ERR_INTERNET_DISCONNECTED)
2026-04-18 17:28:24 Checking for update using obsidian.md
2026-04-18 17:28:24 Failed to check for update using obsidian.md (net::ERR_INTERNET_DISCONNECTED)
2026-04-18 18:28:24 Checking for update using Github
2026-04-18 18:28:24 Failed to check for update using Github (net::ERR_INTERNET_DISCONNECTED)
2026-04-18 18:28:24 Checking for update using obsidian.md
2026-04-18 18:28:24 Failed to check for update using obsidian.md (net::ERR_INTERNET_DISCONNECTED)
2026-04-18 19:28:25 Checking for update using Github
2026-04-18 19:28:25 Success.
2026-04-18 19:28:25 Latest version is 1.12.7
2026-04-18 19:28:25 App is up to date.
2026-04-18 20:28:25 Checking for update using Github
2026-04-18 20:28:25 Success.
2026-04-18 20:28:25 Latest version is 1.12.7
2026-04-18 20:28:25 App is up to date.
2026-04-18 21:28:25 Checking for update using Github
2026-04-18 21:28:25 Success.
2026-04-18 21:28:25 Latest version is 1.12.7
2026-04-18 21:28:25 App is up to date.
2026-04-18 22:28:25 Checking for update using Github
2026-04-18 22:28:25 Success.
2026-04-18 22:28:25 Latest version is 1.12.7
2026-04-18 22:28:25 App is up to date.
2026-04-18 23:28:25 Checking for update using Github
2026-04-18 23:28:25 Success.
2026-04-18 23:28:25 Latest version is 1.12.7
2026-04-18 23:28:25 App is up to date.
2026-04-19 00:28:25 Checking for update using Github
2026-04-19 00:28:31 Success.
2026-04-19 00:28:31 Latest version is 1.12.7
2026-04-19 00:28:31 App is up to date.
2026-04-19 01:28:25 Checking for update using Github
2026-04-19 01:28:25 Success.
2026-04-19 01:28:25 Latest version is 1.12.7
2026-04-19 01:28:25 App is up to date.
2026-04-19 02:28:25 Checking for update using Github
2026-04-19 02:28:32 Success.
2026-04-19 02:28:32 Latest version is 1.12.7
2026-04-19 02:28:32 App is up to date.
2026-04-19 03:28:25 Checking for update using Github
2026-04-19 03:28:27 Success.
2026-04-19 03:28:27 Latest version is 1.12.7
2026-04-19 03:28:27 App is up to date.
2026-04-19 04:28:25 Checking for update using Github
2026-04-19 04:28:25 Success.
2026-04-19 04:28:25 Latest version is 1.12.7
2026-04-19 04:28:25 App is up to date.
2026-04-19 05:28:25 Checking for update using Github
2026-04-19 05:28:25 Success.
2026-04-19 05:28:25 Latest version is 1.12.7
2026-04-19 05:28:25 App is up to date.
2026-04-19 06:28:25 Checking for update using Github
2026-04-19 06:28:25 Success.
2026-04-19 06:28:25 Latest version is 1.12.7
2026-04-19 06:28:25 App is up to date.
2026-04-19 07:28:25 Checking for update using Github
2026-04-19 07:28:25 Success.
2026-04-19 07:28:25 Latest version is 1.12.7
2026-04-19 07:28:25 App is up to date.
2026-04-19 08:28:25 Checking for update using Github
2026-04-19 08:28:26 Success.
2026-04-19 08:28:26 Latest version is 1.12.7
2026-04-19 08:28:26 App is up to date.
2026-04-19 09:28:25 Checking for update using Github
2026-04-19 09:28:25 Success.
2026-04-19 09:28:25 Latest version is 1.12.7
2026-04-19 09:28:25 App is up to date.
2026-04-19 10:28:25 Checking for update using Github
2026-04-19 10:28:25 Success.
2026-04-19 10:28:25 Latest version is 1.12.7
2026-04-19 10:28:25 App is up to date.
2026-04-19 11:27:42 Loaded main app package /usr/lib/obsidian/obsidian.asar
2026-04-19 11:27:42 Checking for update using Github
2026-04-19 11:27:42 Success.
2026-04-19 11:27:42 Latest version is 1.12.7
2026-04-19 11:27:42 App is up to date.
2026-04-20 10:46:16 Loaded main app package /usr/lib/obsidian/obsidian.asar
2026-04-20 10:46:17 Checking for update using Github
2026-04-20 10:46:17 Success.
2026-04-20 10:46:17 Latest version is 1.12.7
2026-04-20 10:46:17 App is up to date.
2026-04-20 11:46:16 Checking for update using Github
2026-04-20 11:46:16 Success.
2026-04-20 11:46:16 Latest version is 1.12.7
2026-04-20 11:46:16 App is up to date.
2026-04-20 12:46:16 Checking for update using Github
2026-04-20 12:46:16 Success.
2026-04-20 12:46:16 Latest version is 1.12.7
2026-04-20 12:46:16 App is up to date.
2026-04-20 13:46:16 Checking for update using Github
2026-04-20 13:46:16 Success.
2026-04-20 13:46:16 Latest version is 1.12.7
2026-04-20 13:46:16 App is up to date.
2026-04-20 14:46:16 Checking for update using Github
2026-04-20 14:46:16 Success.
2026-04-20 14:46:16 Latest version is 1.12.7
2026-04-20 14:46:16 App is up to date.
2026-04-20 15:46:16 Checking for update using Github
2026-04-20 15:46:16 Success.
2026-04-20 15:46:16 Latest version is 1.12.7
2026-04-20 15:46:16 App is up to date.
2026-04-20 16:46:16 Checking for update using Github
2026-04-20 16:46:16 Success.
2026-04-20 16:46:16 Latest version is 1.12.7
2026-04-20 16:46:16 App is up to date.
2026-04-20 17:46:16 Checking for update using Github
2026-04-20 17:46:16 Success.
2026-04-20 17:46:16 Latest version is 1.12.7
2026-04-20 17:46:16 App is up to date.
2026-04-20 18:46:16 Checking for update using Github
2026-04-20 18:46:16 Success.
2026-04-20 18:46:16 Latest version is 1.12.7
2026-04-20 18:46:16 App is up to date.
2026-04-20 19:46:16 Checking for update using Github
2026-04-20 19:46:16 Success.
2026-04-20 19:46:16 Latest version is 1.12.7
2026-04-20 19:46:16 App is up to date.
2026-04-20 20:46:16 Checking for update using Github
2026-04-20 20:46:16 Success.
2026-04-20 20:46:16 Latest version is 1.12.7
2026-04-20 20:46:16 App is up to date.
2026-04-20 21:46:16 Checking for update using Github
2026-04-20 21:46:16 Success.
2026-04-20 21:46:16 Latest version is 1.12.7
2026-04-20 21:46:16 App is up to date.
2026-04-20 22:46:16 Checking for update using Github
2026-04-20 22:46:16 Success.
2026-04-20 22:46:16 Latest version is 1.12.7
2026-04-20 22:46:16 App is up to date.
2026-04-20 23:46:16 Checking for update using Github
2026-04-20 23:46:16 Success.
2026-04-20 23:46:16 Latest version is 1.12.7
2026-04-20 23:46:16 App is up to date.
2026-04-21 00:46:16 Checking for update using Github
2026-04-21 00:46:16 Success.
2026-04-21 00:46:16 Latest version is 1.12.7
2026-04-21 00:46:16 App is up to date.
2026-04-21 01:46:16 Checking for update using Github
2026-04-21 01:46:16 Success.
2026-04-21 01:46:16 Latest version is 1.12.7
2026-04-21 01:46:16 App is up to date.
2026-04-21 02:46:16 Checking for update using Github
2026-04-21 02:46:16 Success.
2026-04-21 02:46:16 Latest version is 1.12.7
2026-04-21 02:46:16 App is up to date.
2026-04-21 03:46:16 Checking for update using Github
2026-04-21 03:46:16 Success.
2026-04-21 03:46:16 Latest version is 1.12.7
2026-04-21 03:46:16 App is up to date.
2026-04-21 04:46:16 Checking for update using Github
2026-04-21 04:46:16 Success.
2026-04-21 04:46:16 Latest version is 1.12.7
2026-04-21 04:46:16 App is up to date.
2026-04-21 05:46:16 Checking for update using Github
2026-04-21 05:46:17 Success.
2026-04-21 05:46:17 Latest version is 1.12.7
2026-04-21 05:46:17 App is up to date.
2026-04-21 08:04:21 Loaded main app package /usr/lib/obsidian/obsidian.asar
2026-04-21 08:04:22 Checking for update using Github
2026-04-21 08:04:22 Success.
2026-04-21 08:04:22 Latest version is 1.12.7
2026-04-21 08:04:22 App is up to date.
2026-04-21 09:04:21 Checking for update using Github
2026-04-21 09:04:21 Success.
2026-04-21 09:04:21 Latest version is 1.12.7
2026-04-21 09:04:21 App is up to date.
2026-04-21 10:04:21 Checking for update using Github
2026-04-21 10:04:21 Success.
2026-04-21 10:04:21 Latest version is 1.12.7
2026-04-21 10:04:21 App is up to date.
2026-04-21 11:04:21 Checking for update using Github
2026-04-21 11:04:21 Success.
2026-04-21 11:04:21 Latest version is 1.12.7
2026-04-21 11:04:21 App is up to date.
2026-04-21 12:04:21 Checking for update using Github
2026-04-21 12:04:21 Failed to check for update using Github (net::ERR_INTERNET_DISCONNECTED)
2026-04-21 12:04:21 Checking for update using obsidian.md
2026-04-21 12:04:21 Failed to check for update using obsidian.md (net::ERR_INTERNET_DISCONNECTED)
2026-04-21 13:04:21 Checking for update using Github
2026-04-21 13:04:21 Failed to check for update using Github (net::ERR_INTERNET_DISCONNECTED)
2026-04-21 13:04:21 Checking for update using obsidian.md
2026-04-21 13:04:21 Failed to check for update using obsidian.md (net::ERR_INTERNET_DISCONNECTED)
2026-04-23 00:17:48 Loaded main app package /usr/lib/obsidian/obsidian.asar
2026-04-23 00:17:48 Checking for update using Github
2026-04-23 00:17:49 Success.
2026-04-23 00:17:49 Latest version is 1.12.7
2026-04-23 00:17:49 App is up to date.
2026-04-23 00:19:07 Loaded main app package /usr/lib/obsidian/obsidian.asar
2026-04-23 00:19:07 Checking for update using Github
2026-04-23 00:19:07 Success.
2026-04-23 00:19:07 Latest version is 1.12.7
2026-04-23 00:19:07 App is up to date.
2026-04-23 01:19:06 Checking for update using Github
2026-04-23 01:19:07 Success.
2026-04-23 01:19:07 Latest version is 1.12.7
2026-04-23 01:19:07 App is up to date.
2026-04-23 02:19:06 Checking for update using Github
2026-04-23 02:19:07 Success.
2026-04-23 02:19:07 Latest version is 1.12.7
2026-04-23 02:19:07 App is up to date.
2026-04-23 03:19:06 Checking for update using Github
2026-04-23 03:19:07 Success.
2026-04-23 03:19:07 Latest version is 1.12.7
2026-04-23 03:19:07 App is up to date.
2026-04-23 04:19:06 Checking for update using Github
2026-04-23 04:19:07 Success.
2026-04-23 04:19:07 Latest version is 1.12.7
2026-04-23 04:19:07 App is up to date.
2026-04-23 05:19:06 Checking for update using Github
2026-04-23 05:19:07 Success.
2026-04-23 05:19:07 Latest version is 1.12.7
2026-04-23 05:19:07 App is up to date.
2026-04-23 06:19:06 Checking for update using Github
2026-04-23 06:19:07 Success.
2026-04-23 06:19:07 Latest version is 1.12.7
2026-04-23 06:19:07 App is up to date.
2026-04-23 07:19:06 Checking for update using Github
2026-04-23 07:19:07 Success.
2026-04-23 07:19:07 Latest version is 1.12.7
2026-04-23 07:19:07 App is up to date.
2026-04-23 08:19:06 Checking for update using Github
2026-04-23 08:19:07 Success.
2026-04-23 08:19:07 Latest version is 1.12.7
2026-04-23 08:19:07 App is up to date.
2026-04-23 09:19:06 Checking for update using Github
2026-04-23 09:19:07 Success.
2026-04-23 09:19:07 Latest version is 1.12.7
2026-04-23 09:19:07 App is up to date.
2026-04-23 10:19:06 Checking for update using Github
2026-04-23 10:19:07 Success.
2026-04-23 10:19:07 Latest version is 1.12.7
2026-04-23 10:19:07 App is up to date.
2026-04-23 11:19:06 Checking for update using Github
2026-04-23 11:19:07 Success.
2026-04-23 11:19:07 Latest version is 1.12.7
2026-04-23 11:19:07 App is up to date.
2026-04-23 12:19:06 Checking for update using Github
2026-04-23 12:19:07 Success.
2026-04-23 12:19:07 Latest version is 1.12.7
2026-04-23 12:19:07 App is up to date.
2026-04-23 13:19:06 Checking for update using Github
2026-04-23 13:19:07 Success.
2026-04-23 13:19:07 Latest version is 1.12.7
2026-04-23 13:19:07 App is up to date.
2026-04-23 14:19:06 Checking for update using Github
2026-04-23 14:19:07 Success.
2026-04-23 14:19:07 Latest version is 1.12.7
2026-04-23 14:19:07 App is up to date.
2026-04-23 15:19:06 Checking for update using Github
2026-04-23 15:19:07 Success.
2026-04-23 15:19:07 Latest version is 1.12.7
2026-04-23 15:19:07 App is up to date.
2026-04-23 16:19:06 Checking for update using Github
2026-04-23 16:19:07 Success.
2026-04-23 16:19:07 Latest version is 1.12.7
2026-04-23 16:19:07 App is up to date.
2026-04-23 17:19:06 Checking for update using Github
2026-04-23 17:19:07 Success.
2026-04-23 17:19:07 Latest version is 1.12.7
2026-04-23 17:19:07 App is up to date.
2026-04-23 18:19:06 Checking for update using Github
2026-04-23 18:19:07 Success.
2026-04-23 18:19:07 Latest version is 1.12.7
2026-04-23 18:19:07 App is up to date.
2026-04-23 19:19:06 Checking for update using Github
2026-04-23 19:19:07 Success.
2026-04-23 19:19:07 Latest version is 1.12.7
2026-04-23 19:19:07 App is up to date.
2026-04-23 20:19:06 Checking for update using Github
2026-04-23 20:19:07 Success.
2026-04-23 20:19:07 Latest version is 1.12.7
2026-04-23 20:19:07 App is up to date.
2026-04-23 21:19:06 Checking for update using Github
2026-04-23 21:19:07 Success.
2026-04-23 21:19:07 Latest version is 1.12.7
2026-04-23 21:19:07 App is up to date.
2026-04-23 22:19:06 Checking for update using Github
2026-04-23 22:19:07 Success.
2026-04-23 22:19:07 Latest version is 1.12.7
2026-04-23 22:19:07 App is up to date.
2026-04-23 23:19:06 Checking for update using Github
2026-04-23 23:19:07 Success.
2026-04-23 23:19:07 Latest version is 1.12.7
2026-04-23 23:19:07 App is up to date.
2026-04-24 00:19:06 Checking for update using Github
2026-04-24 00:19:07 Success.
2026-04-24 00:19:07 Latest version is 1.12.7
2026-04-24 00:19:07 App is up to date.
2026-04-24 01:19:06 Checking for update using Github
2026-04-24 01:19:07 Success.
2026-04-24 01:19:07 Latest version is 1.12.7
2026-04-24 01:19:07 App is up to date.
2026-04-24 02:19:06 Checking for update using Github
2026-04-24 02:19:07 Success.
2026-04-24 02:19:07 Latest version is 1.12.7
2026-04-24 02:19:07 App is up to date.
2026-04-24 03:19:06 Checking for update using Github
2026-04-24 03:19:07 Success.
2026-04-24 03:19:07 Latest version is 1.12.7
2026-04-24 03:19:07 App is up to date.
2026-04-24 04:19:06 Checking for update using Github
2026-04-24 04:19:07 Success.
2026-04-24 04:19:07 Latest version is 1.12.7
2026-04-24 04:19:07 App is up to date.
2026-04-24 05:19:06 Checking for update using Github
2026-04-24 05:19:07 Success.
2026-04-24 05:19:07 Latest version is 1.12.7
2026-04-24 05:19:07 App is up to date.
2026-04-24 06:19:06 Checking for update using Github
2026-04-24 06:19:07 Success.
2026-04-24 06:19:07 Latest version is 1.12.7
2026-04-24 06:19:07 App is up to date.
2026-04-24 07:19:06 Checking for update using Github
2026-04-24 07:19:07 Success.
2026-04-24 07:19:07 Latest version is 1.12.7
2026-04-24 07:19:07 App is up to date.
2026-04-24 08:19:06 Checking for update using Github
2026-04-24 08:19:07 Success.
2026-04-24 08:19:07 Latest version is 1.12.7
2026-04-24 08:19:07 App is up to date.
2026-04-24 09:19:06 Checking for update using Github
2026-04-24 09:19:07 Success.
2026-04-24 09:19:07 Latest version is 1.12.7
2026-04-24 09:19:07 App is up to date.
2026-04-24 10:19:06 Checking for update using Github
2026-04-24 10:19:07 Success.
2026-04-24 10:19:07 Latest version is 1.12.7
2026-04-24 10:19:07 App is up to date.
2026-04-24 11:19:06 Checking for update using Github
2026-04-24 11:19:07 Success.
2026-04-24 11:19:07 Latest version is 1.12.7
2026-04-24 11:19:07 App is up to date.
2026-04-24 12:19:06 Checking for update using Github
2026-04-24 12:19:07 Success.
2026-04-24 12:19:07 Latest version is 1.12.7
2026-04-24 12:19:07 App is up to date.
2026-04-24 13:19:06 Checking for update using Github
2026-04-24 13:19:07 Success.
2026-04-24 13:19:07 Latest version is 1.12.7
2026-04-24 13:19:07 App is up to date.
2026-04-24 14:19:06 Checking for update using Github
2026-04-24 14:19:07 Success.
2026-04-24 14:19:07 Latest version is 1.12.7
2026-04-24 14:19:07 App is up to date.
2026-04-24 15:19:06 Checking for update using Github
2026-04-24 15:19:07 Success.
2026-04-24 15:19:07 Latest version is 1.12.7
2026-04-24 15:19:07 App is up to date.
2026-04-24 16:19:06 Checking for update using Github
2026-04-24 16:19:07 Success.
2026-04-24 16:19:07 Latest version is 1.12.7
2026-04-24 16:19:07 App is up to date.
2026-04-24 17:19:06 Checking for update using Github
2026-04-24 17:19:07 Success.
2026-04-24 17:19:07 Latest version is 1.12.7
2026-04-24 17:19:07 App is up to date.
2026-04-24 18:19:06 Checking for update using Github
2026-04-24 18:19:07 Success.
2026-04-24 18:19:07 Latest version is 1.12.7
2026-04-24 18:19:07 App is up to date.
2026-04-24 19:19:06 Checking for update using Github
2026-04-24 19:19:07 Success.
2026-04-24 19:19:07 Latest version is 1.12.7
2026-04-24 19:19:07 App is up to date.
2026-04-24 20:19:06 Checking for update using Github
2026-04-24 20:19:07 Success.
2026-04-24 20:19:07 Latest version is 1.12.7
2026-04-24 20:19:07 App is up to date.
2026-04-24 21:19:06 Checking for update using Github
2026-04-24 21:19:07 Success.
2026-04-24 21:19:07 Latest version is 1.12.7
2026-04-24 21:19:07 App is up to date.
2026-04-24 22:19:06 Checking for update using Github
2026-04-24 22:19:07 Success.
2026-04-24 22:19:07 Latest version is 1.12.7
2026-04-24 22:19:07 App is up to date.
2026-04-24 23:19:06 Checking for update using Github
2026-04-24 23:19:07 Success.
2026-04-24 23:19:07 Latest version is 1.12.7
2026-04-24 23:19:07 App is up to date.
2026-04-25 00:19:06 Checking for update using Github
2026-04-25 00:19:07 Success.
2026-04-25 00:19:07 Latest version is 1.12.7
2026-04-25 00:19:07 App is up to date.
2026-04-25 01:19:07 Checking for update using Github
2026-04-25 01:19:07 Success.
2026-04-25 01:19:07 Latest version is 1.12.7
2026-04-25 01:19:07 App is up to date.
2026-04-25 02:19:07 Checking for update using Github
2026-04-25 02:19:08 Success.
2026-04-25 02:19:08 Latest version is 1.12.7
2026-04-25 02:19:08 App is up to date.
2026-04-25 05:04:50 Checking for update using Github
2026-04-25 05:04:50 Success.
2026-04-25 05:04:50 Latest version is 1.12.7
2026-04-25 05:04:50 App is up to date.
2026-04-25 06:04:50 Checking for update using Github
2026-04-25 06:04:50 Success.
2026-04-25 06:04:50 Latest version is 1.12.7
2026-04-25 06:04:50 App is up to date.
2026-04-27 05:35:10 Loaded main app package /usr/lib/obsidian/obsidian.asar
2026-04-27 05:35:11 Checking for update using Github
2026-04-27 05:35:11 Success.
2026-04-27 05:35:11 Latest version is 1.12.7
2026-04-27 05:35:11 App is up to date.
2026-04-27 06:35:10 Checking for update using Github
2026-04-27 06:35:10 Success.
2026-04-27 06:35:10 Latest version is 1.12.7
2026-04-27 06:35:10 App is up to date.
2026-04-27 07:35:10 Checking for update using Github
2026-04-27 07:35:10 Success.
2026-04-27 07:35:10 Latest version is 1.12.7
2026-04-27 07:35:10 App is up to date.
2026-04-27 08:35:10 Checking for update using Github
2026-04-27 08:35:10 Success.
2026-04-27 08:35:10 Latest version is 1.12.7
2026-04-27 08:35:10 App is up to date.
2026-04-27 09:35:10 Checking for update using Github
2026-04-27 09:35:10 Success.
2026-04-27 09:35:10 Latest version is 1.12.7
2026-04-27 09:35:10 App is up to date.
2026-04-27 10:35:10 Checking for update using Github
2026-04-27 10:35:10 Success.
2026-04-27 10:35:10 Latest version is 1.12.7
2026-04-27 10:35:10 App is up to date.
2026-04-27 11:35:10 Checking for update using Github
2026-04-27 11:35:11 Success.
2026-04-27 11:35:11 Latest version is 1.12.7
2026-04-27 11:35:11 App is up to date.
2026-04-27 12:35:10 Checking for update using Github
2026-04-27 12:35:11 Success.
2026-04-27 12:35:11 Latest version is 1.12.7
2026-04-27 12:35:11 App is up to date.
2026-04-27 13:35:10 Checking for update using Github
2026-04-27 13:35:10 Success.
2026-04-27 13:35:10 Latest version is 1.12.7
2026-04-27 13:35:10 App is up to date.
2026-04-27 14:35:10 Checking for update using Github
2026-04-27 14:35:16 Success.
2026-04-27 14:35:16 Latest version is 1.12.7
2026-04-27 14:35:16 App is up to date.
2026-04-28 08:28:35 Checking for update using Github
2026-04-28 08:28:36 Success.
2026-04-28 08:28:36 Latest version is 1.12.7
2026-04-28 08:28:36 App is up to date.
2026-04-28 09:28:35 Checking for update using Github
2026-04-28 09:28:36 Success.
2026-04-28 09:28:36 Latest version is 1.12.7
2026-04-28 09:28:36 App is up to date.
2026-04-28 10:28:35 Checking for update using Github
2026-04-28 10:28:36 Success.
2026-04-28 10:28:36 Latest version is 1.12.7
2026-04-28 10:28:36 App is up to date.
2026-04-28 11:28:35 Checking for update using Github
2026-04-28 11:28:36 Success.
2026-04-28 11:28:36 Latest version is 1.12.7
2026-04-28 11:28:36 App is up to date.
2026-04-28 12:28:35 Checking for update using Github
2026-04-28 12:28:36 Success.
2026-04-28 12:28:36 Latest version is 1.12.7
2026-04-28 12:28:36 App is up to date.
2026-04-28 13:28:35 Checking for update using Github
2026-04-28 13:28:36 Success.
2026-04-28 13:28:36 Latest version is 1.12.7
2026-04-28 13:28:36 App is up to date.
2026-04-28 14:28:35 Checking for update using Github
2026-04-28 14:28:36 Success.
2026-04-28 14:28:36 Latest version is 1.12.7
2026-04-28 14:28:36 App is up to date.
2026-04-28 15:28:35 Checking for update using Github
2026-04-28 15:28:36 Success.
2026-04-28 15:28:36 Latest version is 1.12.7
2026-04-28 15:28:36 App is up to date.
2026-04-28 16:28:35 Checking for update using Github
2026-04-28 16:28:36 Success.
2026-04-28 16:28:36 Latest version is 1.12.7
2026-04-28 16:28:36 App is up to date.
2026-04-28 17:28:35 Checking for update using Github
2026-04-28 17:28:36 Success.
2026-04-28 17:28:36 Latest version is 1.12.7
2026-04-28 17:28:36 App is up to date.
2026-04-28 18:28:35 Checking for update using Github
2026-04-28 18:28:36 Success.
2026-04-28 18:28:36 Latest version is 1.12.7
2026-04-28 18:28:36 App is up to date.
2026-04-28 19:28:35 Checking for update using Github
2026-04-28 19:28:36 Success.
2026-04-28 19:28:36 Latest version is 1.12.7
2026-04-28 19:28:36 App is up to date.
2026-04-28 20:28:35 Checking for update using Github
2026-04-28 20:28:36 Success.
2026-04-28 20:28:36 Latest version is 1.12.7
2026-04-28 20:28:36 App is up to date.
2026-04-28 21:28:35 Checking for update using Github
2026-04-28 21:28:36 Success.
2026-04-28 21:28:36 Latest version is 1.12.7
2026-04-28 21:28:36 App is up to date.
2026-04-28 22:28:35 Checking for update using Github
2026-04-28 22:28:36 Success.
2026-04-28 22:28:36 Latest version is 1.12.7
2026-04-28 22:28:36 App is up to date.
2026-04-28 23:28:35 Checking for update using Github
2026-04-28 23:28:35 Failed to check for update using Github (net::ERR_INTERNET_DISCONNECTED)
2026-04-28 23:28:36 Checking for update using obsidian.md
2026-04-28 23:28:36 Failed to check for update using obsidian.md (net::ERR_INTERNET_DISCONNECTED)
2026-04-29 00:28:35 Checking for update using Github
2026-04-29 00:28:35 Failed to check for update using Github (net::ERR_INTERNET_DISCONNECTED)
2026-04-29 00:28:35 Checking for update using obsidian.md
2026-04-29 00:28:36 Failed to check for update using obsidian.md (net::ERR_INTERNET_DISCONNECTED)
2026-04-29 01:28:35 Checking for update using Github
2026-04-29 01:28:46 Failed to check for update using Github (net::ERR_NAME_NOT_RESOLVED)
2026-04-29 01:28:46 Checking for update using obsidian.md
2026-04-29 01:28:59 Failed to check for update using obsidian.md (net::ERR_NAME_NOT_RESOLVED)
2026-04-29 14:37:35 Loaded main app package /usr/lib/obsidian/obsidian.asar
2026-04-29 14:37:36 Checking for update using Github
2026-04-29 14:37:36 Success.
2026-04-29 14:37:36 Latest version is 1.12.7
2026-04-29 14:37:36 App is up to date.
2026-04-29 16:54:38 Checking for update using Github
2026-04-29 16:54:39 Success.
2026-04-29 16:54:39 Latest version is 1.12.7
2026-04-29 16:54:39 App is up to date.
2026-04-29 17:54:38 Checking for update using Github
2026-04-29 17:54:39 Success.
2026-04-29 17:54:39 Latest version is 1.12.7
2026-04-29 17:54:39 App is up to date.
2026-05-08 16:51:51 Loaded main app package /usr/lib/obsidian/obsidian.asar
2026-05-08 16:51:51 Checking for update using Github
2026-05-08 16:51:52 Success.
2026-05-08 16:51:52 Latest version is 1.12.7
2026-05-08 16:51:52 App is up to date.
2026-05-08 17:51:51 Checking for update using Github
2026-05-08 17:51:51 Success.
2026-05-08 17:51:51 Latest version is 1.12.7
2026-05-08 17:51:51 App is up to date.
2026-05-21 14:36:27 Loaded main app package /usr/lib/obsidian/obsidian.asar
2026-05-21 14:36:28 Checking for update using Github
2026-05-21 14:36:28 Success.
2026-05-21 14:36:28 Latest version is 1.12.7
2026-05-21 14:36:28 App is up to date.
2026-05-21 15:36:27 Checking for update using Github
2026-05-21 15:36:27 Success.
2026-05-21 15:36:27 Latest version is 1.12.7
2026-05-21 15:36:27 App is up to date.
2026-05-21 16:36:27 Checking for update using Github
2026-05-21 16:36:28 Success.
2026-05-21 16:36:28 Latest version is 1.12.7
2026-05-21 16:36:28 App is up to date.
2026-05-21 17:36:27 Checking for update using Github
2026-05-21 17:36:27 Success.
2026-05-21 17:36:27 Latest version is 1.12.7
2026-05-21 17:36:27 App is up to date.
2026-05-21 18:36:27 Checking for update using Github
2026-05-21 18:36:28 Success.
2026-05-21 18:36:28 Latest version is 1.12.7
2026-05-21 18:36:28 App is up to date.
2026-05-21 19:36:27 Checking for update using Github
2026-05-21 19:36:28 Success.
2026-05-21 19:36:28 Latest version is 1.12.7
2026-05-21 19:36:28 App is up to date.
2026-05-21 20:36:27 Checking for update using Github
2026-05-21 20:36:28 Success.
2026-05-21 20:36:28 Latest version is 1.12.7
2026-05-21 20:36:28 App is up to date.
2026-05-21 21:36:28 Checking for update using Github
2026-05-21 21:36:28 Success.
2026-05-21 21:36:28 Latest version is 1.12.7
2026-05-21 21:36:28 App is up to date.
2026-05-21 22:36:28 Checking for update using Github
2026-05-21 22:36:28 Success.
2026-05-21 22:36:28 Latest version is 1.12.7
2026-05-21 22:36:28 App is up to date.
2026-05-21 23:36:28 Checking for update using Github
2026-05-21 23:36:28 Success.
2026-05-21 23:36:28 Latest version is 1.12.7
2026-05-21 23:36:28 App is up to date.
2026-05-22 00:36:28 Checking for update using Github
2026-05-22 00:36:28 Success.
2026-05-22 00:36:28 Latest version is 1.12.7
2026-05-22 00:36:28 App is up to date.
2026-05-22 01:36:28 Checking for update using Github
2026-05-22 01:36:28 Success.
2026-05-22 01:36:28 Latest version is 1.12.7
2026-05-22 01:36:28 App is up to date.
2026-05-22 02:36:28 Checking for update using Github
2026-05-22 02:36:28 Success.
2026-05-22 02:36:28 Latest version is 1.12.7
2026-05-22 02:36:28 App is up to date.
2026-05-26 16:43:45 Loaded main app package /usr/lib/obsidian/obsidian.asar
2026-05-26 16:43:45 Checking for update using Github
2026-05-26 16:43:45 Success.
2026-05-26 16:43:45 Latest version is 1.12.7
2026-05-26 16:43:45 App is up to date.
2026-05-26 17:43:45 Checking for update using Github
2026-05-26 17:43:45 Success.
2026-05-26 17:43:45 Latest version is 1.12.7
2026-05-26 17:43:45 App is up to date.
2026-05-26 18:01:34 Loaded main app package /usr/lib/obsidian/obsidian.asar
2026-05-26 18:01:34 Checking for update using Github
2026-05-26 18:01:35 Success.
2026-05-26 18:01:35 Latest version is 1.12.7
2026-05-26 18:01:35 App is up to date.
2026-05-26 18:05:05 Loaded main app package /usr/lib/obsidian/obsidian.asar
2026-05-26 18:05:05 Checking for update using Github
2026-05-26 18:05:05 Success.
2026-05-26 18:05:05 Latest version is 1.12.7
2026-05-26 18:05:05 App is up to date.
2026-05-26 18:24:02 Loaded main app package /usr/lib/obsidian/obsidian.asar
2026-05-26 18:24:02 Checking for update using Github
2026-05-26 18:24:02 Success.
2026-05-26 18:24:02 Latest version is 1.12.7
2026-05-26 18:24:02 App is up to date.
2026-05-26 19:24:02 Checking for update using Github
2026-05-26 19:24:02 Success.
2026-05-26 19:24:02 Latest version is 1.12.7
2026-05-26 19:24:02 App is up to date.
2026-05-26 20:24:02 Checking for update using Github
2026-05-26 20:24:02 Success.
2026-05-26 20:24:02 Latest version is 1.12.7
2026-05-26 20:24:02 App is up to date.
2026-05-26 21:24:02 Checking for update using Github
2026-05-26 21:24:02 Success.
2026-05-26 21:24:02 Latest version is 1.12.7
2026-05-26 21:24:02 App is up to date.
2026-05-26 22:24:02 Checking for update using Github
2026-05-26 22:24:02 Success.
2026-05-26 22:24:02 Latest version is 1.12.7
2026-05-26 22:24:02 App is up to date.
2026-05-26 23:24:02 Checking for update using Github
2026-05-26 23:24:02 Success.
2026-05-26 23:24:02 Latest version is 1.12.7
2026-05-26 23:24:02 App is up to date.
2026-05-27 12:01:45 Loaded main app package /usr/lib/obsidian/obsidian.asar
2026-05-27 12:01:46 Checking for update using Github
2026-05-27 12:01:46 Success.
2026-05-27 12:01:46 Latest version is 1.12.7
2026-05-27 12:01:46 App is up to date.
2026-05-27 13:01:45 Checking for update using Github
2026-05-27 13:01:45 Success.
2026-05-27 13:01:45 Latest version is 1.12.7
2026-05-27 13:01:45 App is up to date.
2026-05-27 14:01:45 Checking for update using Github
2026-05-27 14:01:46 Success.
2026-05-27 14:01:46 Latest version is 1.12.7
2026-05-27 14:01:46 App is up to date.
2026-05-27 15:01:45 Checking for update using Github
2026-05-27 15:01:46 Success.
2026-05-27 15:01:46 Latest version is 1.12.7
2026-05-27 15:01:46 App is up to date.
2026-05-27 16:01:46 Checking for update using Github
2026-05-27 16:01:46 Success.
2026-05-27 16:01:46 Latest version is 1.12.7
2026-05-27 16:01:46 App is up to date.
2026-05-27 17:01:46 Checking for update using Github
2026-05-27 17:01:46 Success.
2026-05-27 17:01:46 Latest version is 1.12.7
2026-05-27 17:01:46 App is up to date.
2026-05-27 18:01:46 Checking for update using Github
2026-05-27 18:01:46 Success.
2026-05-27 18:01:46 Latest version is 1.12.7
2026-05-27 18:01:46 App is up to date.
2026-05-27 19:01:46 Checking for update using Github
2026-05-27 19:01:46 Success.
2026-05-27 19:01:46 Latest version is 1.12.7
2026-05-27 19:01:46 App is up to date.
2026-05-27 20:01:46 Checking for update using Github
2026-05-27 20:01:46 Success.
2026-05-27 20:01:46 Latest version is 1.12.7
2026-05-27 20:01:46 App is up to date.
2026-05-27 21:01:46 Checking for update using Github
2026-05-27 21:01:46 Success.
2026-05-27 21:01:46 Latest version is 1.12.7
2026-05-27 21:01:46 App is up to date.
2026-05-27 22:01:46 Checking for update using Github
2026-05-27 22:01:46 Success.
2026-05-27 22:01:46 Latest version is 1.12.7
2026-05-27 22:01:46 App is up to date.
2026-05-27 23:01:46 Checking for update using Github
2026-05-27 23:01:46 Success.
2026-05-27 23:01:46 Latest version is 1.12.7
2026-05-27 23:01:46 App is up to date.
2026-05-28 00:01:46 Checking for update using Github
2026-05-28 00:01:46 Success.
2026-05-28 00:01:46 Latest version is 1.12.7
2026-05-28 00:01:46 App is up to date.
2026-05-28 01:01:46 Checking for update using Github
2026-05-28 01:01:47 Success.
2026-05-28 01:01:47 Latest version is 1.12.7
2026-05-28 01:01:47 App is up to date.
2026-05-28 02:01:46 Checking for update using Github
2026-05-28 02:01:47 Success.
2026-05-28 02:01:47 Latest version is 1.12.7
2026-05-28 02:01:47 App is up to date.
2026-05-28 03:01:46 Checking for update using Github
2026-05-28 03:01:47 Success.
2026-05-28 03:01:47 Latest version is 1.12.7
2026-05-28 03:01:47 App is up to date.
2026-05-28 04:01:46 Checking for update using Github
2026-05-28 04:01:47 Success.
2026-05-28 04:01:47 Latest version is 1.12.7
2026-05-28 04:01:47 App is up to date.
2026-05-28 05:01:46 Checking for update using Github
2026-05-28 05:01:47 Failed to check for update using Github (net::ERR_INTERNET_DISCONNECTED)
2026-05-28 05:01:47 Checking for update using obsidian.md
2026-05-28 05:01:47 Failed to check for update using obsidian.md (net::ERR_INTERNET_DISCONNECTED)
2026-05-28 06:01:47 Checking for update using Github
2026-05-28 06:01:47 Success.
2026-05-28 06:01:47 Latest version is 1.12.7
2026-05-28 06:01:47 App is up to date.
2026-05-28 07:01:47 Checking for update using Github
2026-05-28 07:01:47 Success.
2026-05-28 07:01:47 Latest version is 1.12.7
2026-05-28 07:01:47 App is up to date.
2026-05-28 08:01:47 Checking for update using Github
2026-05-28 08:01:47 Success.
2026-05-28 08:01:47 Latest version is 1.12.7
2026-05-28 08:01:47 App is up to date.
2026-05-28 09:01:47 Checking for update using Github
2026-05-28 09:01:47 Success.
2026-05-28 09:01:47 Latest version is 1.12.7
2026-05-28 09:01:47 App is up to date.
2026-05-28 10:01:47 Checking for update using Github
2026-05-28 10:01:47 Success.
2026-05-28 10:01:47 Latest version is 1.12.7
2026-05-28 10:01:47 App is up to date.
2026-05-28 11:01:47 Checking for update using Github
2026-05-28 11:01:47 Success.
2026-05-28 11:01:47 Latest version is 1.12.7
2026-05-28 11:01:47 App is up to date.
2026-05-28 12:01:47 Checking for update using Github
2026-05-28 12:01:52 Success.
2026-05-28 12:01:52 Latest version is 1.12.7
2026-05-28 12:01:52 App is up to date.
2026-05-28 13:01:47 Checking for update using Github
2026-05-28 13:01:49 Success.
2026-05-28 13:01:49 Latest version is 1.12.7
2026-05-28 13:01:49 App is up to date.
2026-05-28 14:01:47 Checking for update using Github
2026-05-28 14:01:47 Success.
2026-05-28 14:01:47 Latest version is 1.12.7
2026-05-28 14:01:47 App is up to date.
2026-05-28 15:01:47 Checking for update using Github
2026-05-28 15:01:47 Success.
2026-05-28 15:01:47 Latest version is 1.12.7
2026-05-28 15:01:47 App is up to date.
2026-05-28 16:01:47 Checking for update using Github
2026-05-28 16:01:47 Success.
2026-05-28 16:01:47 Latest version is 1.12.7
2026-05-28 16:01:47 App is up to date.
2026-05-28 17:01:47 Checking for update using Github
2026-05-28 17:01:47 Success.
2026-05-28 17:01:47 Latest version is 1.12.7
2026-05-28 17:01:47 App is up to date.
2026-05-28 18:01:47 Checking for update using Github
2026-05-28 18:01:47 Success.
2026-05-28 18:01:47 Latest version is 1.12.7
2026-05-28 18:01:47 App is up to date.
2026-05-28 19:01:47 Checking for update using Github
2026-05-28 19:01:48 Success.
2026-05-28 19:01:48 Latest version is 1.12.7
2026-05-28 19:01:48 App is up to date.
2026-05-28 20:01:47 Checking for update using Github
2026-05-28 20:01:48 Success.
2026-05-28 20:01:48 Latest version is 1.12.7
2026-05-28 20:01:48 App is up to date.
2026-05-28 21:01:48 Checking for update using Github
2026-05-28 21:01:48 Success.
2026-05-28 21:01:48 Latest version is 1.12.7
2026-05-28 21:01:48 App is up to date.
2026-05-28 22:01:48 Checking for update using Github
2026-05-28 22:01:48 Success.
2026-05-28 22:01:48 Latest version is 1.12.7
2026-05-28 22:01:48 App is up to date.
2026-05-28 23:01:48 Checking for update using Github
2026-05-28 23:01:48 Success.
2026-05-28 23:01:48 Latest version is 1.12.7
2026-05-28 23:01:48 App is up to date.
2026-05-29 00:01:48 Checking for update using Github
2026-05-29 00:01:48 Success.
2026-05-29 00:01:48 Latest version is 1.12.7
2026-05-29 00:01:48 App is up to date.
2026-05-29 01:01:48 Checking for update using Github
2026-05-29 01:01:48 Success.
2026-05-29 01:01:48 Latest version is 1.12.7
2026-05-29 01:01:48 App is up to date.
2026-05-29 02:01:48 Checking for update using Github
2026-05-29 02:01:48 Success.
2026-05-29 02:01:48 Latest version is 1.12.7
2026-05-29 02:01:48 App is up to date.
2026-05-29 03:01:48 Checking for update using Github
2026-05-29 03:01:48 Success.
2026-05-29 03:01:48 Latest version is 1.12.7
2026-05-29 03:01:48 App is up to date.
2026-05-29 04:01:48 Checking for update using Github
2026-05-29 04:01:48 Success.
2026-05-29 04:01:48 Latest version is 1.12.7
2026-05-29 04:01:48 App is up to date.
2026-05-29 05:01:48 Checking for update using Github
2026-05-29 05:01:48 Success.
2026-05-29 05:01:48 Latest version is 1.12.7
2026-05-29 05:01:48 App is up to date.
2026-05-29 06:01:48 Checking for update using Github
2026-05-29 06:01:48 Success.
2026-05-29 06:01:48 Latest version is 1.12.7
2026-05-29 06:01:48 App is up to date.
2026-05-29 07:01:48 Checking for update using Github
2026-05-29 07:01:48 Success.
2026-05-29 07:01:48 Latest version is 1.12.7
2026-05-29 07:01:48 App is up to date.
2026-05-29 08:01:48 Checking for update using Github
2026-05-29 08:01:49 Success.
2026-05-29 08:01:49 Latest version is 1.12.7
2026-05-29 08:01:49 App is up to date.
2026-05-29 09:01:48 Checking for update using Github
2026-05-29 09:01:49 Success.
2026-05-29 09:01:49 Latest version is 1.12.7
2026-05-29 09:01:49 App is up to date.
2026-05-29 10:01:49 Checking for update using Github
2026-05-29 10:01:49 Success.
2026-05-29 10:01:49 Latest version is 1.12.7
2026-05-29 10:01:49 App is up to date.
2026-05-31 14:51:20 Loaded main app package /usr/lib/obsidian/obsidian.asar
2026-05-31 14:51:20 Checking for update using Github
2026-05-31 14:51:25 Success.
2026-05-31 14:51:25 Latest version is 1.12.7
2026-05-31 14:51:25 App is up to date.
2026-05-31 15:51:20 Checking for update using Github
2026-05-31 15:51:20 Success.
2026-05-31 15:51:20 Latest version is 1.12.7
2026-05-31 15:51:20 App is up to date.
2026-05-31 16:51:20 Checking for update using Github
2026-05-31 16:51:20 Success.
2026-05-31 16:51:20 Latest version is 1.12.7
2026-05-31 16:51:20 App is up to date.
2026-05-31 17:51:20 Checking for update using Github
2026-05-31 17:51:20 Success.
2026-05-31 17:51:20 Latest version is 1.12.7
2026-05-31 17:51:20 App is up to date.
2026-05-31 18:51:19 Checking for update using Github
2026-05-31 18:51:19 Success.
2026-05-31 18:51:19 Latest version is 1.12.7
2026-05-31 18:51:19 App is up to date.
2026-05-31 19:51:18 Checking for update using Github
2026-05-31 19:51:18 Success.
2026-05-31 19:51:18 Latest version is 1.12.7
2026-05-31 19:51:18 App is up to date.
2026-05-31 20:51:18 Checking for update using Github
2026-05-31 20:51:18 Success.
2026-05-31 20:51:18 Latest version is 1.12.7
2026-05-31 20:51:18 App is up to date.
2026-05-31 21:51:18 Checking for update using Github
2026-05-31 21:51:18 Success.
2026-05-31 21:51:18 Latest version is 1.12.7
2026-05-31 21:51:18 App is up to date.
2026-05-31 22:51:19 Checking for update using Github
2026-05-31 22:51:19 Success.
2026-05-31 22:51:19 Latest version is 1.12.7
2026-05-31 22:51:19 App is up to date.
2026-05-31 23:51:19 Checking for update using Github
2026-05-31 23:51:19 Success.
2026-05-31 23:51:19 Latest version is 1.12.7
2026-05-31 23:51:19 App is up to date.
2026-06-01 00:51:21 Checking for update using Github
2026-06-01 00:51:21 Success.
2026-06-01 00:51:21 Latest version is 1.12.7
2026-06-01 00:51:21 App is up to date.
2026-06-01 01:51:21 Checking for update using Github
2026-06-01 01:51:21 Success.
2026-06-01 01:51:21 Latest version is 1.12.7
2026-06-01 01:51:21 App is up to date.
2026-06-01 02:51:23 Checking for update using Github
2026-06-01 02:51:24 Success.
2026-06-01 02:51:24 Latest version is 1.12.7
2026-06-01 02:51:24 App is up to date.
2026-06-01 03:51:28 Checking for update using Github
2026-06-01 03:51:29 Success.
2026-06-01 03:51:29 Latest version is 1.12.7
2026-06-01 03:51:29 App is up to date.
2026-06-01 04:51:28 Checking for update using Github
2026-06-01 04:51:28 Success.
2026-06-01 04:51:28 Latest version is 1.12.7
2026-06-01 04:51:28 App is up to date.
2026-06-01 05:51:29 Checking for update using Github
2026-06-01 05:51:29 Success.
2026-06-01 05:51:29 Latest version is 1.12.7
2026-06-01 05:51:29 App is up to date.
2026-06-01 06:51:29 Checking for update using Github
2026-06-01 06:51:29 Success.
2026-06-01 06:51:29 Latest version is 1.12.7
2026-06-01 06:51:29 App is up to date.
2026-06-01 07:51:29 Checking for update using Github
2026-06-01 07:51:29 Success.
2026-06-01 07:51:29 Latest version is 1.12.7
2026-06-01 07:51:29 App is up to date.
2026-06-01 08:51:29 Checking for update using Github
2026-06-01 08:51:30 Success.
2026-06-01 08:51:30 Latest version is 1.12.7
2026-06-01 08:51:30 App is up to date.
2026-06-01 09:51:29 Checking for update using Github
2026-06-01 09:51:30 Success.
2026-06-01 09:51:30 Latest version is 1.12.7
2026-06-01 09:51:30 App is up to date.
2026-06-01 10:51:30 Checking for update using Github
2026-06-01 10:51:30 Success.
2026-06-01 10:51:30 Latest version is 1.12.7
2026-06-01 10:51:30 App is up to date.
2026-06-01 11:51:30 Checking for update using Github
2026-06-01 11:51:30 Success.
2026-06-01 11:51:30 Latest version is 1.12.7
2026-06-01 11:51:30 App is up to date.
2026-06-01 12:51:30 Checking for update using Github
2026-06-01 12:51:30 Success.
2026-06-01 12:51:30 Latest version is 1.12.7
2026-06-01 12:51:30 App is up to date.
2026-06-01 13:51:30 Checking for update using Github
2026-06-01 13:51:30 Success.
2026-06-01 13:51:30 Latest version is 1.12.7
2026-06-01 13:51:30 App is up to date.
2026-06-01 14:51:30 Checking for update using Github
2026-06-01 14:51:30 Success.
2026-06-01 14:51:30 Latest version is 1.12.7
2026-06-01 14:51:30 App is up to date.
2026-06-01 15:51:30 Checking for update using Github
2026-06-01 15:51:30 Success.
2026-06-01 15:51:30 Latest version is 1.12.7
2026-06-01 15:51:30 App is up to date.
2026-06-01 16:51:30 Checking for update using Github
2026-06-01 16:51:30 Success.
2026-06-01 16:51:30 Latest version is 1.12.7
2026-06-01 16:51:30 App is up to date.
2026-06-01 17:51:30 Checking for update using Github
2026-06-01 17:51:30 Success.
2026-06-01 17:51:30 Latest version is 1.12.7
2026-06-01 17:51:30 App is up to date.
2026-06-01 18:51:30 Checking for update using Github
2026-06-01 18:51:30 Success.
2026-06-01 18:51:30 Latest version is 1.12.7
2026-06-01 18:51:30 App is up to date.
2026-06-01 19:51:30 Checking for update using Github
2026-06-01 19:51:30 Success.
2026-06-01 19:51:30 Latest version is 1.12.7
2026-06-01 19:51:30 App is up to date.
2026-06-01 20:51:30 Checking for update using Github
2026-06-01 20:51:31 Success.
2026-06-01 20:51:31 Latest version is 1.12.7
2026-06-01 20:51:31 App is up to date.
2026-06-01 21:51:31 Checking for update using Github
2026-06-01 21:51:31 Success.
2026-06-01 21:51:31 Latest version is 1.12.7
2026-06-01 21:51:31 App is up to date.
2026-06-01 22:51:31 Checking for update using Github
2026-06-01 22:51:31 Success.
2026-06-01 22:51:31 Latest version is 1.12.7
2026-06-01 22:51:31 App is up to date.
2026-06-01 23:51:31 Checking for update using Github
2026-06-01 23:51:31 Success.
2026-06-01 23:51:31 Latest version is 1.12.7
2026-06-01 23:51:31 App is up to date.
2026-06-02 00:51:31 Checking for update using Github
2026-06-02 00:51:31 Success.
2026-06-02 00:51:31 Latest version is 1.12.7
2026-06-02 00:51:31 App is up to date.
2026-06-02 01:51:31 Checking for update using Github
2026-06-02 01:51:31 Success.
2026-06-02 01:51:31 Latest version is 1.12.7
2026-06-02 01:51:31 App is up to date.
